{"/home/INSTINCTOOLS/oxy/vadim/sdsgfs/graphql-test-task/public/src/components/EmployeeModal/EmployeeModal.js": {"path":"/home/INSTINCTOOLS/oxy/vadim/sdsgfs/graphql-test-task/public/src/components/EmployeeModal/EmployeeModal.js","statementMap":{"0":{"start":{"line":8,"column":4},"end":{"line":8,"column":17}},"1":{"start":{"line":10,"column":4},"end":{"line":10,"column":69}},"2":{"start":{"line":14,"column":4},"end":{"line":19,"column":7}},"3":{"start":{"line":34,"column":8},"end":{"line":34,"column":12}},"4":{"start":{"line":36,"column":28},"end":{"line":39,"column":7}},"5":{"start":{"line":36,"column":62},"end":{"line":39,"column":5}},"6":{"start":{"line":41,"column":4},"end":{"line":100,"column":6}},"7":{"start":{"line":104,"column":0},"end":{"line":119,"column":2}}},"fnMap":{"0":{"name":"(anonymous_0)","decl":{"start":{"line":7,"column":2},"end":{"line":7,"column":3}},"loc":{"start":{"line":7,"column":21},"end":{"line":11,"column":3}},"line":7},"1":{"name":"(anonymous_1)","decl":{"start":{"line":13,"column":2},"end":{"line":13,"column":3}},"loc":{"start":{"line":13,"column":36},"end":{"line":20,"column":3}},"line":13},"2":{"name":"(anonymous_2)","decl":{"start":{"line":22,"column":2},"end":{"line":22,"column":3}},"loc":{"start":{"line":22,"column":11},"end":{"line":101,"column":3}},"line":22},"3":{"name":"(anonymous_3)","decl":{"start":{"line":36,"column":49},"end":{"line":36,"column":50}},"loc":{"start":{"line":36,"column":62},"end":{"line":39,"column":5}},"line":36}},"branchMap":{"0":{"loc":{"start":{"line":97,"column":11},"end":{"line":97,"column":34}},"type":"binary-expr","locations":[{"start":{"line":97,"column":11},"end":{"line":97,"column":16}},{"start":{"line":97,"column":20},"end":{"line":97,"column":34}}],"line":97}},"s":{"0":1,"1":1,"2":0,"3":1,"4":1,"5":2,"6":1,"7":1},"f":{"0":1,"1":0,"2":1,"3":2},"b":{"0":[1,0]},"_coverageSchema":"43e27e138ebf9cfc5966b082cf9a028302ed4184","hash":"611e41fe94618f07d4f11f9a60ab357f5f3886dd"}
,"/home/INSTINCTOOLS/oxy/vadim/sdsgfs/graphql-test-task/public/src/constants/mockData.js": {"path":"/home/INSTINCTOOLS/oxy/vadim/sdsgfs/graphql-test-task/public/src/constants/mockData.js","statementMap":{"0":{"start":{"line":1,"column":34},"end":{"line":50,"column":1}}},"fnMap":{},"branchMap":{},"s":{"0":0},"f":{},"b":{},"hash":"ff8cb8ae3626169416fadf0cf512e37e15b47550"}
,"/home/INSTINCTOOLS/oxy/vadim/sdsgfs/graphql-test-task/public/src/containers/App/App.js": {"path":"/home/INSTINCTOOLS/oxy/vadim/sdsgfs/graphql-test-task/public/src/containers/App/App.js","statementMap":{"0":{"start":{"line":6,"column":4},"end":{"line":11,"column":6}}},"fnMap":{"0":{"name":"(anonymous_0)","decl":{"start":{"line":5,"column":2},"end":{"line":5,"column":3}},"loc":{"start":{"line":5,"column":11},"end":{"line":12,"column":3}},"line":5}},"branchMap":{},"s":{"0":1},"f":{"0":1},"b":{},"_coverageSchema":"43e27e138ebf9cfc5966b082cf9a028302ed4184","hash":"51d8d3d1cf6fca33fb125a33413f78dc159fb26b"}
,"/home/INSTINCTOOLS/oxy/vadim/sdsgfs/graphql-test-task/public/src/containers/Employees/Employees.js": {"path":"/home/INSTINCTOOLS/oxy/vadim/sdsgfs/graphql-test-task/public/src/containers/Employees/Employees.js","statementMap":{"0":{"start":{"line":12,"column":4},"end":{"line":12,"column":17}},"1":{"start":{"line":14,"column":4},"end":{"line":29,"column":6}},"2":{"start":{"line":31,"column":4},"end":{"line":31,"column":53}},"3":{"start":{"line":32,"column":4},"end":{"line":32,"column":67}},"4":{"start":{"line":33,"column":4},"end":{"line":33,"column":65}},"5":{"start":{"line":34,"column":4},"end":{"line":34,"column":69}},"6":{"start":{"line":35,"column":4},"end":{"line":35,"column":61}},"7":{"start":{"line":36,"column":4},"end":{"line":36,"column":75}},"8":{"start":{"line":37,"column":4},"end":{"line":37,"column":67}},"9":{"start":{"line":38,"column":4},"end":{"line":38,"column":71}},"10":{"start":{"line":39,"column":4},"end":{"line":39,"column":65}},"11":{"start":{"line":43,"column":4},"end":{"line":47,"column":7}},"12":{"start":{"line":51,"column":4},"end":{"line":54,"column":7}},"13":{"start":{"line":58,"column":4},"end":{"line":61,"column":7}},"14":{"start":{"line":65,"column":4},"end":{"line":72,"column":7}},"15":{"start":{"line":76,"column":4},"end":{"line":83,"column":7}},"16":{"start":{"line":87,"column":28},"end":{"line":87,"column":40}},"17":{"start":{"line":89,"column":4},"end":{"line":94,"column":7}},"18":{"start":{"line":100,"column":8},"end":{"line":100,"column":18}},"19":{"start":{"line":102,"column":4},"end":{"line":104,"column":7}},"20":{"start":{"line":105,"column":4},"end":{"line":129,"column":9}},"21":{"start":{"line":111,"column":32},"end":{"line":111,"column":72}},"22":{"start":{"line":112,"column":10},"end":{"line":115,"column":13}},"23":{"start":{"line":114,"column":60},"end":{"line":114,"column":78}},"24":{"start":{"line":119,"column":8},"end":{"line":122,"column":11}},"25":{"start":{"line":125,"column":8},"end":{"line":128,"column":11}},"26":{"start":{"line":135,"column":8},"end":{"line":135,"column":18}},"27":{"start":{"line":136,"column":4},"end":{"line":136,"column":27}},"28":{"start":{"line":138,"column":4},"end":{"line":140,"column":7}},"29":{"start":{"line":142,"column":4},"end":{"line":180,"column":9}},"30":{"start":{"line":152,"column":32},"end":{"line":152,"column":72}},"31":{"start":{"line":153,"column":10},"end":{"line":156,"column":13}},"32":{"start":{"line":160,"column":8},"end":{"line":173,"column":11}},"33":{"start":{"line":176,"column":8},"end":{"line":179,"column":11}},"34":{"start":{"line":186,"column":8},"end":{"line":186,"column":18}},"35":{"start":{"line":187,"column":4},"end":{"line":187,"column":27}},"36":{"start":{"line":189,"column":4},"end":{"line":191,"column":7}},"37":{"start":{"line":193,"column":4},"end":{"line":215,"column":9}},"38":{"start":{"line":205,"column":8},"end":{"line":208,"column":11}},"39":{"start":{"line":211,"column":8},"end":{"line":214,"column":11}},"40":{"start":{"line":219,"column":88},"end":{"line":219,"column":98}},"41":{"start":{"line":221,"column":4},"end":{"line":299,"column":6}},"42":{"start":{"line":245,"column":12},"end":{"line":245,"column":50}},"43":{"start":{"line":245,"column":25},"end":{"line":245,"column":50}},"44":{"start":{"line":246,"column":12},"end":{"line":246,"column":46}},"45":{"start":{"line":246,"column":23},"end":{"line":246,"column":46}},"46":{"start":{"line":248,"column":12},"end":{"line":295,"column":14}},"47":{"start":{"line":263,"column":44},"end":{"line":266,"column":23}},"48":{"start":{"line":263,"column":80},"end":{"line":266,"column":21}},"49":{"start":{"line":268,"column":20},"end":{"line":291,"column":22}},"50":{"start":{"line":287,"column":47},"end":{"line":287,"column":81}},"51":{"start":{"line":288,"column":47},"end":{"line":288,"column":83}}},"fnMap":{"0":{"name":"(anonymous_0)","decl":{"start":{"line":11,"column":2},"end":{"line":11,"column":3}},"loc":{"start":{"line":11,"column":21},"end":{"line":40,"column":3}},"line":11},"1":{"name":"(anonymous_1)","decl":{"start":{"line":42,"column":2},"end":{"line":42,"column":3}},"loc":{"start":{"line":42,"column":21},"end":{"line":48,"column":3}},"line":42},"2":{"name":"(anonymous_2)","decl":{"start":{"line":50,"column":2},"end":{"line":50,"column":3}},"loc":{"start":{"line":50,"column":28},"end":{"line":55,"column":3}},"line":50},"3":{"name":"(anonymous_3)","decl":{"start":{"line":57,"column":2},"end":{"line":57,"column":3}},"loc":{"start":{"line":57,"column":24},"end":{"line":62,"column":3}},"line":57},"4":{"name":"(anonymous_4)","decl":{"start":{"line":64,"column":2},"end":{"line":64,"column":3}},"loc":{"start":{"line":64,"column":32},"end":{"line":73,"column":3}},"line":64},"5":{"name":"(anonymous_5)","decl":{"start":{"line":75,"column":2},"end":{"line":75,"column":3}},"loc":{"start":{"line":75,"column":34},"end":{"line":84,"column":3}},"line":75},"6":{"name":"(anonymous_6)","decl":{"start":{"line":86,"column":2},"end":{"line":86,"column":3}},"loc":{"start":{"line":86,"column":22},"end":{"line":95,"column":3}},"line":86},"7":{"name":"(anonymous_7)","decl":{"start":{"line":97,"column":2},"end":{"line":97,"column":3}},"loc":{"start":{"line":97,"column":23},"end":{"line":130,"column":3}},"line":97},"8":{"name":"(anonymous_8)","decl":{"start":{"line":110,"column":16},"end":{"line":110,"column":17}},"loc":{"start":{"line":110,"column":25},"end":{"line":116,"column":9}},"line":110},"9":{"name":"(anonymous_9)","decl":{"start":{"line":114,"column":48},"end":{"line":114,"column":49}},"loc":{"start":{"line":114,"column":60},"end":{"line":114,"column":78}},"line":114},"10":{"name":"(anonymous_10)","decl":{"start":{"line":118,"column":12},"end":{"line":118,"column":13}},"loc":{"start":{"line":118,"column":18},"end":{"line":123,"column":7}},"line":118},"11":{"name":"(anonymous_11)","decl":{"start":{"line":124,"column":13},"end":{"line":124,"column":14}},"loc":{"start":{"line":124,"column":19},"end":{"line":129,"column":7}},"line":124},"12":{"name":"(anonymous_12)","decl":{"start":{"line":132,"column":2},"end":{"line":132,"column":3}},"loc":{"start":{"line":132,"column":30},"end":{"line":181,"column":3}},"line":132},"13":{"name":"(anonymous_13)","decl":{"start":{"line":151,"column":16},"end":{"line":151,"column":17}},"loc":{"start":{"line":151,"column":57},"end":{"line":157,"column":9}},"line":151},"14":{"name":"(anonymous_14)","decl":{"start":{"line":159,"column":12},"end":{"line":159,"column":13}},"loc":{"start":{"line":159,"column":18},"end":{"line":174,"column":7}},"line":159},"15":{"name":"(anonymous_15)","decl":{"start":{"line":175,"column":13},"end":{"line":175,"column":14}},"loc":{"start":{"line":175,"column":19},"end":{"line":180,"column":7}},"line":175},"16":{"name":"(anonymous_16)","decl":{"start":{"line":183,"column":2},"end":{"line":183,"column":3}},"loc":{"start":{"line":183,"column":28},"end":{"line":216,"column":3}},"line":183},"17":{"name":"(anonymous_17)","decl":{"start":{"line":204,"column":12},"end":{"line":204,"column":13}},"loc":{"start":{"line":204,"column":18},"end":{"line":209,"column":7}},"line":204},"18":{"name":"(anonymous_18)","decl":{"start":{"line":210,"column":13},"end":{"line":210,"column":14}},"loc":{"start":{"line":210,"column":19},"end":{"line":215,"column":7}},"line":210},"19":{"name":"(anonymous_19)","decl":{"start":{"line":218,"column":2},"end":{"line":218,"column":3}},"loc":{"start":{"line":218,"column":11},"end":{"line":300,"column":3}},"line":218},"20":{"name":"(anonymous_20)","decl":{"start":{"line":244,"column":11},"end":{"line":244,"column":12}},"loc":{"start":{"line":244,"column":41},"end":{"line":296,"column":11}},"line":244},"21":{"name":"(anonymous_21)","decl":{"start":{"line":262,"column":38},"end":{"line":262,"column":39}},"loc":{"start":{"line":262,"column":50},"end":{"line":292,"column":19}},"line":262},"22":{"name":"(anonymous_22)","decl":{"start":{"line":263,"column":67},"end":{"line":263,"column":68}},"loc":{"start":{"line":263,"column":80},"end":{"line":266,"column":21}},"line":263},"23":{"name":"(anonymous_23)","decl":{"start":{"line":287,"column":41},"end":{"line":287,"column":42}},"loc":{"start":{"line":287,"column":47},"end":{"line":287,"column":81}},"line":287},"24":{"name":"(anonymous_24)","decl":{"start":{"line":288,"column":41},"end":{"line":288,"column":42}},"loc":{"start":{"line":288,"column":47},"end":{"line":288,"column":83}},"line":288}},"branchMap":{"0":{"loc":{"start":{"line":233,"column":24},"end":{"line":233,"column":94}},"type":"cond-expr","locations":[{"start":{"line":233,"column":43},"end":{"line":233,"column":68}},{"start":{"line":233,"column":71},"end":{"line":233,"column":94}}],"line":233},"1":{"loc":{"start":{"line":245,"column":12},"end":{"line":245,"column":50}},"type":"if","locations":[{"start":{"line":245,"column":12},"end":{"line":245,"column":50}},{"start":{"line":245,"column":12},"end":{"line":245,"column":50}}],"line":245},"2":{"loc":{"start":{"line":246,"column":12},"end":{"line":246,"column":46}},"type":"if","locations":[{"start":{"line":246,"column":12},"end":{"line":246,"column":46}},{"start":{"line":246,"column":12},"end":{"line":246,"column":46}}],"line":246}},"s":{"0":0,"1":0,"2":0,"3":0,"4":0,"5":0,"6":0,"7":0,"8":0,"9":0,"10":0,"11":0,"12":0,"13":0,"14":0,"15":0,"16":0,"17":0,"18":0,"19":0,"20":0,"21":0,"22":0,"23":0,"24":0,"25":0,"26":0,"27":0,"28":0,"29":0,"30":0,"31":0,"32":0,"33":0,"34":0,"35":0,"36":0,"37":0,"38":0,"39":0,"40":0,"41":0,"42":0,"43":0,"44":0,"45":0,"46":0,"47":0,"48":0,"49":0,"50":0,"51":0},"f":{"0":0,"1":0,"2":0,"3":0,"4":0,"5":0,"6":0,"7":0,"8":0,"9":0,"10":0,"11":0,"12":0,"13":0,"14":0,"15":0,"16":0,"17":0,"18":0,"19":0,"20":0,"21":0,"22":0,"23":0,"24":0},"b":{"0":[0,0],"1":[0,0],"2":[0,0]},"hash":"48017cfb3e1ff5f7f01deb895af82b62b01e8aa6"}
,"/home/INSTINCTOOLS/oxy/vadim/sdsgfs/graphql-test-task/public/src/containers/NotFoundPage/NotFoundPage.js": {"path":"/home/INSTINCTOOLS/oxy/vadim/sdsgfs/graphql-test-task/public/src/containers/NotFoundPage/NotFoundPage.js","statementMap":{"0":{"start":{"line":8,"column":4},"end":{"line":12,"column":6}}},"fnMap":{"0":{"name":"(anonymous_0)","decl":{"start":{"line":7,"column":2},"end":{"line":7,"column":3}},"loc":{"start":{"line":7,"column":11},"end":{"line":13,"column":3}},"line":7}},"branchMap":{},"s":{"0":1},"f":{"0":1},"b":{},"_coverageSchema":"43e27e138ebf9cfc5966b082cf9a028302ed4184","hash":"13991b90c22ed114b15a326b37d9015d60975afc"}
,"/home/INSTINCTOOLS/oxy/vadim/sdsgfs/graphql-test-task/public/src/services/gqlRequests.js": {"path":"/home/INSTINCTOOLS/oxy/vadim/sdsgfs/graphql-test-task/public/src/services/gqlRequests.js","statementMap":{"0":{"start":{"line":3,"column":28},"end":{"line":14,"column":1}},"1":{"start":{"line":16,"column":30},"end":{"line":39,"column":1}},"2":{"start":{"line":41,"column":30},"end":{"line":66,"column":1}},"3":{"start":{"line":68,"column":30},"end":{"line":79,"column":1}}},"fnMap":{},"branchMap":{},"s":{"0":0,"1":0,"2":0,"3":0},"f":{},"b":{},"hash":"d88727fc907922093c9bcc21ed97fac598609d30"}
,"/home/INSTINCTOOLS/oxy/vadim/sdsgfs/graphql-test-task/public/src/services/history.js": {"path":"/home/INSTINCTOOLS/oxy/vadim/sdsgfs/graphql-test-task/public/src/services/history.js","statementMap":{"0":{"start":{"line":3,"column":16},"end":{"line":3,"column":38}}},"fnMap":{},"branchMap":{},"s":{"0":0},"f":{},"b":{},"hash":"4297781b6df23a82ec84bc1814efee1af8c892fc"}
,"/home/INSTINCTOOLS/oxy/vadim/sdsgfs/graphql-test-task/public/src/services/routes.js": {"path":"/home/INSTINCTOOLS/oxy/vadim/sdsgfs/graphql-test-task/public/src/services/routes.js","statementMap":{"0":{"start":{"line":6,"column":22},"end":{"line":13,"column":1}},"1":{"start":{"line":7,"column":2},"end":{"line":12,"column":8}}},"fnMap":{"0":{"name":"(anonymous_0)","decl":{"start":{"line":6,"column":22},"end":{"line":6,"column":23}},"loc":{"start":{"line":7,"column":2},"end":{"line":12,"column":8}},"line":7}},"branchMap":{},"s":{"0":0,"1":0},"f":{"0":0},"b":{},"hash":"1e013935b13983c77b2264f4b18d226164493c57"}
}
