{"/home/INSTINCTOOLS/oxy/vadim/trial-task/src/containers/App/App.js": {"path":"/home/INSTINCTOOLS/oxy/vadim/trial-task/src/containers/App/App.js","statementMap":{"0":{"start":{"line":7,"column":4},"end":{"line":20,"column":6}}},"fnMap":{"0":{"name":"(anonymous_0)","decl":{"start":{"line":6,"column":2},"end":{"line":6,"column":3}},"loc":{"start":{"line":6,"column":11},"end":{"line":21,"column":3}},"line":6}},"branchMap":{},"s":{"0":1},"f":{"0":1},"b":{},"_coverageSchema":"43e27e138ebf9cfc5966b082cf9a028302ed4184","hash":"55fa4f671c906b036198c4e746d58bdc06d8aa43"}
,"/home/INSTINCTOOLS/oxy/vadim/trial-task/src/containers/NotFoundPage/NotFoundPage.js": {"path":"/home/INSTINCTOOLS/oxy/vadim/trial-task/src/containers/NotFoundPage/NotFoundPage.js","statementMap":{"0":{"start":{"line":7,"column":4},"end":{"line":11,"column":6}}},"fnMap":{"0":{"name":"(anonymous_0)","decl":{"start":{"line":6,"column":2},"end":{"line":6,"column":3}},"loc":{"start":{"line":6,"column":11},"end":{"line":12,"column":3}},"line":6}},"branchMap":{},"s":{"0":1},"f":{"0":1},"b":{},"_coverageSchema":"43e27e138ebf9cfc5966b082cf9a028302ed4184","hash":"745f4af7cef73550847e2302641fdee796e55a75"}
,"/home/INSTINCTOOLS/oxy/vadim/trial-task/src/containers/Overview/Overview.js": {"path":"/home/INSTINCTOOLS/oxy/vadim/trial-task/src/containers/Overview/Overview.js","statementMap":{"0":{"start":{"line":9,"column":8},"end":{"line":13,"column":10}}},"fnMap":{"0":{"name":"(anonymous_0)","decl":{"start":{"line":7,"column":4},"end":{"line":7,"column":5}},"loc":{"start":{"line":7,"column":13},"end":{"line":14,"column":5}},"line":7}},"branchMap":{},"s":{"0":1},"f":{"0":1},"b":{},"_coverageSchema":"43e27e138ebf9cfc5966b082cf9a028302ed4184","hash":"eecdeccc801fbe80732c8c98c3bc118a8e78486c"}
,"/home/INSTINCTOOLS/oxy/vadim/trial-task/src/services/history.js": {"path":"/home/INSTINCTOOLS/oxy/vadim/trial-task/src/services/history.js","statementMap":{"0":{"start":{"line":3,"column":16},"end":{"line":3,"column":38}}},"fnMap":{},"branchMap":{},"s":{"0":0},"f":{},"b":{},"hash":"8bccab6a4ddf23287ce141b1ecb09bfd598a8627"}
,"/home/INSTINCTOOLS/oxy/vadim/trial-task/src/services/routes.js": {"path":"/home/INSTINCTOOLS/oxy/vadim/trial-task/src/services/routes.js","statementMap":{"0":{"start":{"line":6,"column":22},"end":{"line":13,"column":1}},"1":{"start":{"line":7,"column":2},"end":{"line":12,"column":8}}},"fnMap":{"0":{"name":"(anonymous_0)","decl":{"start":{"line":6,"column":22},"end":{"line":6,"column":23}},"loc":{"start":{"line":7,"column":2},"end":{"line":12,"column":8}},"line":7}},"branchMap":{},"s":{"0":0,"1":0},"f":{"0":0},"b":{},"hash":"1d3c3692fb6071a7f6a1521b72dc942d95aadcbe"}
}
