TN:
SF:/home/INSTINCTOOLS/oxy/vadim/sdsgfs/graphql-test-task/public/src/components/EmployeeModal/EmployeeModal.js
FN:7,(anonymous_0)
FN:13,(anonymous_1)
FN:22,(anonymous_2)
FN:36,(anonymous_3)
FNF:4
FNH:3
FNDA:1,(anonymous_0)
FNDA:0,(anonymous_1)
FNDA:1,(anonymous_2)
FNDA:2,(anonymous_3)
DA:8,1
DA:10,1
DA:14,0
DA:34,1
DA:36,2
DA:41,1
DA:104,1
LF:7
LH:6
BRDA:97,0,0,1
BRDA:97,0,1,0
BRF:2
BRH:1
end_of_record
TN:
SF:/home/INSTINCTOOLS/oxy/vadim/sdsgfs/graphql-test-task/public/src/constants/mockData.js
FNF:0
FNH:0
DA:1,0
LF:1
LH:0
BRF:0
BRH:0
end_of_record
TN:
SF:/home/INSTINCTOOLS/oxy/vadim/sdsgfs/graphql-test-task/public/src/containers/App/App.js
FN:5,(anonymous_0)
FNF:1
FNH:1
FNDA:1,(anonymous_0)
DA:6,1
LF:1
LH:1
BRF:0
BRH:0
end_of_record
TN:
SF:/home/INSTINCTOOLS/oxy/vadim/sdsgfs/graphql-test-task/public/src/containers/Employees/Employees.js
FN:11,(anonymous_0)
FN:42,(anonymous_1)
FN:50,(anonymous_2)
FN:57,(anonymous_3)
FN:64,(anonymous_4)
FN:75,(anonymous_5)
FN:86,(anonymous_6)
FN:97,(anonymous_7)
FN:110,(anonymous_8)
FN:114,(anonymous_9)
FN:118,(anonymous_10)
FN:124,(anonymous_11)
FN:132,(anonymous_12)
FN:151,(anonymous_13)
FN:159,(anonymous_14)
FN:175,(anonymous_15)
FN:183,(anonymous_16)
FN:204,(anonymous_17)
FN:210,(anonymous_18)
FN:218,(anonymous_19)
FN:244,(anonymous_20)
FN:262,(anonymous_21)
FN:263,(anonymous_22)
FN:287,(anonymous_23)
FN:288,(anonymous_24)
FNF:25
FNH:0
FNDA:0,(anonymous_0)
FNDA:0,(anonymous_1)
FNDA:0,(anonymous_2)
FNDA:0,(anonymous_3)
FNDA:0,(anonymous_4)
FNDA:0,(anonymous_5)
FNDA:0,(anonymous_6)
FNDA:0,(anonymous_7)
FNDA:0,(anonymous_8)
FNDA:0,(anonymous_9)
FNDA:0,(anonymous_10)
FNDA:0,(anonymous_11)
FNDA:0,(anonymous_12)
FNDA:0,(anonymous_13)
FNDA:0,(anonymous_14)
FNDA:0,(anonymous_15)
FNDA:0,(anonymous_16)
FNDA:0,(anonymous_17)
FNDA:0,(anonymous_18)
FNDA:0,(anonymous_19)
FNDA:0,(anonymous_20)
FNDA:0,(anonymous_21)
FNDA:0,(anonymous_22)
FNDA:0,(anonymous_23)
FNDA:0,(anonymous_24)
DA:12,0
DA:14,0
DA:31,0
DA:32,0
DA:33,0
DA:34,0
DA:35,0
DA:36,0
DA:37,0
DA:38,0
DA:39,0
DA:43,0
DA:51,0
DA:58,0
DA:65,0
DA:76,0
DA:87,0
DA:89,0
DA:100,0
DA:102,0
DA:105,0
DA:111,0
DA:112,0
DA:114,0
DA:119,0
DA:125,0
DA:135,0
DA:136,0
DA:138,0
DA:142,0
DA:152,0
DA:153,0
DA:160,0
DA:176,0
DA:186,0
DA:187,0
DA:189,0
DA:193,0
DA:205,0
DA:211,0
DA:219,0
DA:221,0
DA:245,0
DA:246,0
DA:248,0
DA:263,0
DA:268,0
DA:287,0
DA:288,0
LF:49
LH:0
BRDA:233,0,0,0
BRDA:233,0,1,0
BRDA:245,1,0,0
BRDA:245,1,1,0
BRDA:246,2,0,0
BRDA:246,2,1,0
BRF:6
BRH:0
end_of_record
TN:
SF:/home/INSTINCTOOLS/oxy/vadim/sdsgfs/graphql-test-task/public/src/containers/NotFoundPage/NotFoundPage.js
FN:7,(anonymous_0)
FNF:1
FNH:1
FNDA:1,(anonymous_0)
DA:8,1
LF:1
LH:1
BRF:0
BRH:0
end_of_record
TN:
SF:/home/INSTINCTOOLS/oxy/vadim/sdsgfs/graphql-test-task/public/src/services/gqlRequests.js
FNF:0
FNH:0
DA:3,0
DA:16,0
DA:41,0
DA:68,0
LF:4
LH:0
BRF:0
BRH:0
end_of_record
TN:
SF:/home/INSTINCTOOLS/oxy/vadim/sdsgfs/graphql-test-task/public/src/services/history.js
FNF:0
FNH:0
DA:3,0
LF:1
LH:0
BRF:0
BRH:0
end_of_record
TN:
SF:/home/INSTINCTOOLS/oxy/vadim/sdsgfs/graphql-test-task/public/src/services/routes.js
FN:6,(anonymous_0)
FNF:1
FNH:0
FNDA:0,(anonymous_0)
DA:6,0
DA:7,0
LF:2
LH:0
BRF:0
BRH:0
end_of_record
